2024-01-31 16:17:07,758 - INFO - Inicio de sesión exitoso para el usuario: secre2
2024-01-31 17:12:58,549 - INFO - Insercion de causa 12312-sdfasdfasdfas
2024-02-01 11:10:09,393 - INFO - Insercion de causa g-g
2024-02-01 11:18:26,557 - INFO - Insercion de causa y-y
2024-02-01 11:34:12,933 - INFO - Insercion de causa o-o
2024-02-01 11:43:07,779 - INFO - Insercion de causa sewerslvt-sewerslvt
2024-02-01 11:48:32,533 - INFO - Insercion de causa b-b
2024-02-01 12:48:53,194 - INFO - Se estampo causa: asd
2024-02-01 12:51:13,496 - INFO - Se notifico causa: 12312
2024-02-01 12:51:14,590 - INFO - Se estampo causa: 12312
2024-02-01 12:53:34,244 - INFO - Se notifico causa: sewerslvt
2024-02-01 12:53:36,991 - INFO - Se estampo causa: sewerslvt
2024-02-01 12:54:48,009 - INFO - Se notifico causa: b
2024-02-01 12:54:50,007 - INFO - Se estampo causa: b
2024-02-01 13:16:53,081 - INFO - Insercion de causa x-x
2024-02-01 13:25:31,054 - INFO - Insercion de causa x-x
2024-02-01 13:25:41,933 - INFO - Insercion de causa g-g
2024-02-01 16:31:08,764 - INFO - Se estampo causa: x
2024-02-01 23:54:48,319 - ERROR - Error estableciendo conexión con la base de datos: (20009, b'DB-Lib error message 20009, severity 9:\nUnable to connect: Adaptive Server is unavailable or does not exist (tu_servidor)\n')
2024-02-01 23:54:49,987 - ERROR - Error accediendo a la base de datos: 'NoneType' object has no attribute 'cursor'
2024-02-01 23:55:35,859 - ERROR - Error estableciendo conexión con la base de datos: (20009, b'DB-Lib error message 20009, severity 9:\nUnable to connect: Adaptive Server is unavailable or does not exist (tu_servidor)\n')
2024-02-01 23:55:37,372 - ERROR - Error accediendo a la base de datos: 'NoneType' object has no attribute 'cursor'
